<?xml version="1.0" encoding="UTF-8"?>
<!-- Generated by org.testng.reporters.JUnitXMLReporter -->
<testsuite ignored="0" hostname="DESKTOP-DALS8PH" failures="1" tests="11" name="ChromeTest" time="136.438" errors="0" timestamp="2026-01-27T17:12:02 IST">
  <testcase classname="testCases.TC03_AddToCart" name="testAddToCart" time="7.07"/>
  <testcase classname="testCases.TC05_AddToWishList" name="testAddToWishList" time="12.693"/>
  <testcase classname="testCases.TC06_AddAffiliate" name="testAddAffiliate" time="7.343"/>
  <testcase classname="testCases.TC02_Login" name="testLogin" time="5.606"/>
  <testcase classname="testCases.TC02_Login" name="testLogin" time="3.822"/>
  <testcase classname="testCases.TC02_Login" name="testLogin" time="4.09"/>
  <testcase classname="testCases.TC02_Login" name="testLogin" time="3.428"/>
  <testcase classname="testCases.TC02_Login" name="testLogin" time="3.241"/>
  <testcase classname="testCases.TC04_CompletePurchase" name="testCompletePurchase" time="25.034">
    <skipped/>
  </testcase> <!-- testCompletePurchase -->
  <testcase classname="testCases.TC04_CompletePurchase" name="testCompletePurchase" time="13.476">
    <skipped/>
  </testcase> <!-- testCompletePurchase -->
  <testcase classname="testCases.TC04_CompletePurchase" name="testCompletePurchase" time="12.831">
    <failure type="java.lang.AssertionError" message="Test failed due to exception">
      <![CDATA[java.lang.AssertionError: Test failed due to exception
at testCases.TC04_CompletePurchase.testCompletePurchase(TC04_CompletePurchase.java:98)
at java.base/java.util.ArrayList.forEach(ArrayList.java:1596)
at java.base/java.util.concurrent.FutureTask.run(FutureTask.java:317)
at java.base/java.util.concurrent.ThreadPoolExecutor.runWorker(ThreadPoolExecutor.java:1144)
at java.base/java.util.concurrent.ThreadPoolExecutor$Worker.run(ThreadPoolExecutor.java:642)
at java.base/java.lang.Thread.run(Thread.java:1583)
... Removed 16 stack frames]]>
    </failure>
  </testcase> <!-- testCompletePurchase -->
</testsuite> <!-- ChromeTest -->
