<?xml version="1.0" encoding="UTF-8"?>
<!-- Generated by org.testng.reporters.JUnitXMLReporter -->
<testsuite ignored="0" hostname="DESKTOP-DALS8PH" failures="2" tests="13" name="EdgeTest" time="127.399" errors="0" timestamp="2026-01-27T17:11:53 IST">
  <testcase classname="testCases.TC03_AddToCart" name="testAddToCart" time="6.849"/>
  <testcase classname="testCases.TC05_AddToWishList" name="testAddToWishList" time="5.57">
    <skipped/>
  </testcase> <!-- testAddToWishList -->
  <testcase classname="testCases.TC05_AddToWishList" name="testAddToWishList" time="10.181">
    <skipped/>
  </testcase> <!-- testAddToWishList -->
  <testcase classname="testCases.TC05_AddToWishList" name="testAddToWishList" time="10.171">
    <failure type="java.lang.AssertionError" message="Test failed due to exception">
      <![CDATA[java.lang.AssertionError: Test failed due to exception
at testCases.TC05_AddToWishList.testAddToWishList(TC05_AddToWishList.java:88)
at java.base/java.util.ArrayList.forEach(ArrayList.java:1596)
at java.base/java.util.concurrent.FutureTask.run(FutureTask.java:317)
at java.base/java.util.concurrent.ThreadPoolExecutor.runWorker(ThreadPoolExecutor.java:1144)
at java.base/java.util.concurrent.ThreadPoolExecutor$Worker.run(ThreadPoolExecutor.java:642)
at java.base/java.lang.Thread.run(Thread.java:1583)
... Removed 16 stack frames]]>
    </failure>
  </testcase> <!-- testAddToWishList -->
  <testcase classname="testCases.TC06_AddAffiliate" name="testAddAffiliate" time="8.657"/>
  <testcase classname="testCases.TC02_Login" name="testLogin" time="4.768"/>
  <testcase classname="testCases.TC02_Login" name="testLogin" time="3.019"/>
  <testcase classname="testCases.TC02_Login" name="testLogin" time="4.124"/>
  <testcase classname="testCases.TC02_Login" name="testLogin" time="4.174"/>
  <testcase classname="testCases.TC02_Login" name="testLogin" time="3.545"/>
  <testcase classname="testCases.TC04_CompletePurchase" name="testCompletePurchase" time="11.333">
    <skipped/>
  </testcase> <!-- testCompletePurchase -->
  <testcase classname="testCases.TC04_CompletePurchase" name="testCompletePurchase" time="1.662">
    <skipped/>
  </testcase> <!-- testCompletePurchase -->
  <testcase classname="testCases.TC04_CompletePurchase" name="testCompletePurchase" time="1.667">
    <failure type="java.lang.AssertionError" message="Test failed due to exception">
      <![CDATA[java.lang.AssertionError: Test failed due to exception
at testCases.TC04_CompletePurchase.testCompletePurchase(TC04_CompletePurchase.java:98)
at java.base/java.util.ArrayList.forEach(ArrayList.java:1596)
at java.base/java.util.concurrent.FutureTask.run(FutureTask.java:317)
at java.base/java.util.concurrent.ThreadPoolExecutor.runWorker(ThreadPoolExecutor.java:1144)
at java.base/java.util.concurrent.ThreadPoolExecutor$Worker.run(ThreadPoolExecutor.java:642)
at java.base/java.lang.Thread.run(Thread.java:1583)
... Removed 16 stack frames]]>
    </failure>
  </testcase> <!-- testCompletePurchase -->
</testsuite> <!-- EdgeTest -->
