<?xml version="1.0" encoding="UTF-8"?>
<!-- Generated by org.testng.reporters.JUnitXMLReporter -->
<testsuite ignored="0" hostname="DESKTOP-DALS8PH" failures="1" tests="11" name="FirefoxTest" time="117.83" errors="0" timestamp="2026-01-27T17:11:44 IST">
  <testcase classname="testCases.TC03_AddToCart" name="testAddToCart" time="7.298"/>
  <testcase classname="testCases.TC05_AddToWishList" name="testAddToWishList" time="8.281"/>
  <testcase classname="testCases.TC06_AddAffiliate" name="testAddAffiliate" time="5.012"/>
  <testcase classname="testCases.TC02_Login" name="testLogin" time="4.96"/>
  <testcase classname="testCases.TC02_Login" name="testLogin" time="2.581"/>
  <testcase classname="testCases.TC02_Login" name="testLogin" time="2.604"/>
  <testcase classname="testCases.TC02_Login" name="testLogin" time="2.452"/>
  <testcase classname="testCases.TC02_Login" name="testLogin" time="2.963"/>
  <testcase classname="testCases.TC04_CompletePurchase" name="testCompletePurchase" time="14.058">
    <skipped/>
  </testcase> <!-- testCompletePurchase -->
  <testcase classname="testCases.TC04_CompletePurchase" name="testCompletePurchase" time="2.338">
    <skipped/>
  </testcase> <!-- testCompletePurchase -->
  <testcase classname="testCases.TC04_CompletePurchase" name="testCompletePurchase" time="2.595">
    <failure type="java.lang.AssertionError" message="Test failed due to exception">
      <![CDATA[java.lang.AssertionError: Test failed due to exception
at testCases.TC04_CompletePurchase.testCompletePurchase(TC04_CompletePurchase.java:98)
at java.base/java.util.ArrayList.forEach(ArrayList.java:1596)
at java.base/java.util.concurrent.FutureTask.run(FutureTask.java:317)
at java.base/java.util.concurrent.ThreadPoolExecutor.runWorker(ThreadPoolExecutor.java:1144)
at java.base/java.util.concurrent.ThreadPoolExecutor$Worker.run(ThreadPoolExecutor.java:642)
at java.base/java.lang.Thread.run(Thread.java:1583)
... Removed 16 stack frames]]>
    </failure>
  </testcase> <!-- testCompletePurchase -->
</testsuite> <!-- FirefoxTest -->
