<?xml version="1.0" encoding="UTF-8"?>
<!-- Generated by org.testng.reporters.JUnitReportReporter -->
<testsuite hostname="DESKTOP-DALS8PH" failures="0" tests="3" name="testCases.TC06_AddAffiliate" time="21.012" errors="0" timestamp="2026-01-27T17:12:02 IST" skipped="0">
  <testcase classname="testCases.TC06_AddAffiliate" name="testAddAffiliate" time="7.343"/>
  <testcase classname="testCases.TC06_AddAffiliate" name="testAddAffiliate" time="5.012"/>
  <testcase classname="testCases.TC06_AddAffiliate" name="testAddAffiliate" time="8.657"/>
</testsuite> <!-- testCases.TC06_AddAffiliate -->
