<?xml version="1.0" encoding="UTF-8"?>
<!-- Generated by org.testng.reporters.JUnitReportReporter -->
<testsuite hostname="DESKTOP-DALS8PH" failures="0" tests="15" name="testCases.TC02_Login" time="55.377" errors="0" timestamp="2026-01-27T17:12:02 IST" skipped="0">
  <testcase classname="testCases.TC02_Login" name="testLogin" time="4.768"/>
  <testcase classname="testCases.TC02_Login" name="testLogin" time="2.963"/>
  <testcase classname="testCases.TC02_Login" name="testLogin" time="4.174"/>
  <testcase classname="testCases.TC02_Login" name="testLogin" time="2.452"/>
  <testcase classname="testCases.TC02_Login" name="testLogin" time="2.604"/>
  <testcase classname="testCases.TC02_Login" name="testLogin" time="4.124"/>
  <testcase classname="testCases.TC02_Login" name="testLogin" time="5.606"/>
  <testcase classname="testCases.TC02_Login" name="testLogin" time="3.822"/>
  <testcase classname="testCases.TC02_Login" name="testLogin" time="2.581"/>
  <testcase classname="testCases.TC02_Login" name="testLogin" time="3.428"/>
  <testcase classname="testCases.TC02_Login" name="testLogin" time="4.960"/>
  <testcase classname="testCases.TC02_Login" name="testLogin" time="3.019"/>
  <testcase classname="testCases.TC02_Login" name="testLogin" time="3.545"/>
  <testcase classname="testCases.TC02_Login" name="testLogin" time="4.090"/>
  <testcase classname="testCases.TC02_Login" name="testLogin" time="3.241"/>
</testsuite> <!-- testCases.TC02_Login -->
