<?xml version="1.0" encoding="UTF-8"?>
<!-- Generated by org.testng.reporters.JUnitReportReporter -->
<testsuite hostname="DESKTOP-DALS8PH" failures="0" tests="3" name="testCases.TC03_AddToCart" time="21.217" errors="0" timestamp="2026-01-27T17:12:02 IST" skipped="0">
  <testcase classname="testCases.TC03_AddToCart" name="testAddToCart" time="7.070"/>
  <testcase classname="testCases.TC03_AddToCart" name="testAddToCart" time="7.298"/>
  <testcase classname="testCases.TC03_AddToCart" name="testAddToCart" time="6.849"/>
</testsuite> <!-- testCases.TC03_AddToCart -->
