<?xml version="1.0" encoding="UTF-8"?>
<!-- Generated by org.testng.reporters.JUnitReportReporter -->
<testsuite hostname="DESKTOP-DALS8PH" failures="0" tests="3" name="testCases.TC06_AddAffiliate" time="18.779" errors="0" timestamp="2026-01-28T17:21:30 IST" skipped="0">
  <testcase classname="testCases.TC06_AddAffiliate" name="testAddAffiliate" time="6.596"/>
  <testcase classname="testCases.TC06_AddAffiliate" name="testAddAffiliate" time="5.167"/>
  <testcase classname="testCases.TC06_AddAffiliate" name="testAddAffiliate" time="7.016"/>
</testsuite> <!-- testCases.TC06_AddAffiliate -->
