<?xml version="1.0" encoding="UTF-8"?>
<!-- Generated by org.testng.reporters.JUnitReportReporter -->
<testsuite hostname="DESKTOP-DALS8PH" failures="0" tests="15" name="testCases.TC02_Login" time="49.573" errors="0" timestamp="2026-01-28T17:21:30 IST" skipped="0">
  <testcase classname="testCases.TC02_Login" name="testLogin" time="3.062"/>
  <testcase classname="testCases.TC02_Login" name="testLogin" time="5.576"/>
  <testcase classname="testCases.TC02_Login" name="testLogin" time="5.853"/>
  <testcase classname="testCases.TC02_Login" name="testLogin" time="2.848"/>
  <testcase classname="testCases.TC02_Login" name="testLogin" time="2.656"/>
  <testcase classname="testCases.TC02_Login" name="testLogin" time="2.798"/>
  <testcase classname="testCases.TC02_Login" name="testLogin" time="3.226"/>
  <testcase classname="testCases.TC02_Login" name="testLogin" time="3.124"/>
  <testcase classname="testCases.TC02_Login" name="testLogin" time="2.572"/>
  <testcase classname="testCases.TC02_Login" name="testLogin" time="2.667"/>
  <testcase classname="testCases.TC02_Login" name="testLogin" time="2.570"/>
  <testcase classname="testCases.TC02_Login" name="testLogin" time="2.840"/>
  <testcase classname="testCases.TC02_Login" name="testLogin" time="2.875"/>
  <testcase classname="testCases.TC02_Login" name="testLogin" time="4.042"/>
  <testcase classname="testCases.TC02_Login" name="testLogin" time="2.864"/>
</testsuite> <!-- testCases.TC02_Login -->
