<?xml version="1.0" encoding="UTF-8"?>
<!-- Generated by org.testng.reporters.JUnitReportReporter -->
<testsuite hostname="DESKTOP-DALS8PH" failures="0" tests="3" name="testCases.TC03_AddToCart" time="26.023" errors="0" timestamp="2026-01-28T17:21:30 IST" skipped="0">
  <testcase classname="testCases.TC03_AddToCart" name="testAddToCart" time="7.684"/>
  <testcase classname="testCases.TC03_AddToCart" name="testAddToCart" time="7.276"/>
  <testcase classname="testCases.TC03_AddToCart" name="testAddToCart" time="11.063"/>
</testsuite> <!-- testCases.TC03_AddToCart -->
